Using pre-set license
Built from '2020.3/staging' branch; Version is '2020.3.38f1 (8f5fde82e2dc) revision 9396190'; Using compiler version '192528614'; Build Type 'Release'
OS: 'Windows 10  (10.0.19044) 64bit Core' Language: 'ko' Physical Memory: 16303 MB
BatchMode: 1, IsHumanControllingUs: 0, StartBugReporterOnCrash: 0, Is64bit: 1, IsPro: 0

COMMAND LINE ARGUMENTS:
C:\Program Files\Unity\Hub\Editor\2020.3.38f1\Editor\Unity.exe
-adb2
-batchMode
-noUpm
-name
AssetImportWorker0
-projectPath
C:/Users/USER/Documents/SoundManager/SoundManager
-logFile
Logs/AssetImportWorker0.log
-srvPort
11437
Successfully changed project path to: C:/Users/USER/Documents/SoundManager/SoundManager
C:/Users/USER/Documents/SoundManager/SoundManager
Using Asset Import Pipeline V2.
Refreshing native plugins compatible for Editor in 36.59 ms, found 2 plugins.
Preloading 0 native plugins for Editor in 0.00 ms.
Initialize engine version: 2020.3.38f1 (8f5fde82e2dc)
[Subsystems] Discovering subsystems at path C:/Program Files/Unity/Hub/Editor/2020.3.38f1/Editor/Data/Resources/UnitySubsystems
[Subsystems] Discovering subsystems at path C:/Users/USER/Documents/SoundManager/SoundManager/Assets
GfxDevice: creating device client; threaded=0
Direct3D:
    Version:  Direct3D 11.0 [level 11.1]
    Renderer: NVIDIA GeForce RTX 2060 (ID=0x1f51)
    Vendor:   
    VRAM:     5980 MB
    Driver:   26.21.14.3162
Initialize mono
Mono path[0] = 'C:/Program Files/Unity/Hub/Editor/2020.3.38f1/Editor/Data/Managed'
Mono path[1] = 'C:/Program Files/Unity/Hub/Editor/2020.3.38f1/Editor/Data/MonoBleedingEdge/lib/mono/unityjit'
Mono config path = 'C:/Program Files/Unity/Hub/Editor/2020.3.38f1/Editor/Data/MonoBleedingEdge/etc'
Using monoOptions --debugger-agent=transport=dt_socket,embedding=1,server=y,suspend=n,address=127.0.0.1:56744
Begin MonoManager ReloadAssembly
Registering precompiled unity dll's ...
Register platform support module: C:/Program Files/Unity/Hub/Editor/2020.3.38f1/Editor/Data/PlaybackEngines/WindowsStandaloneSupport/UnityEditor.WindowsStandalone.Extensions.dll
Registered in 0.002487 seconds.
Native extension for WindowsStandalone target not found
Refreshing native plugins compatible for Editor in 29.09 ms, found 2 plugins.
Preloading 0 native plugins for Editor in 0.00 ms.
Mono: successfully reloaded assembly
- Completed reload, in  0.593 seconds
Domain Reload Profiling:
	ReloadAssembly (593ms)
		BeginReloadAssembly (77ms)
			ExecutionOrderSort (0ms)
			DisableScriptedObjects (0ms)
			BackupInstance (0ms)
			ReleaseScriptingObjects (0ms)
			CreateAndSetChildDomain (1ms)
		EndReloadAssembly (444ms)
			LoadAssemblies (75ms)
			RebuildTransferFunctionScriptingTraits (0ms)
			SetupTypeCache (141ms)
			ReleaseScriptCaches (0ms)
			RebuildScriptCaches (35ms)
			SetupLoadedEditorAssemblies (154ms)
				LogAssemblyErrors (0ms)
				InitializePlatformSupportModulesInManaged (5ms)
				SetLoadedEditorAssemblies (0ms)
				RefreshPlugins (29ms)
				BeforeProcessingInitializeOnLoad (16ms)
				ProcessInitializeOnLoadAttributes (78ms)
				ProcessInitializeOnLoadMethodAttributes (25ms)
				AfterProcessingInitializeOnLoad (0ms)
				EditorAssembliesLoaded (0ms)
			ExecutionOrderSort2 (0ms)
			AwakeInstancesAfterBackupRestoration (0ms)
Platform modules already initialized, skipping
Registering precompiled user dll's ...
Registered in 0.003738 seconds.
Begin MonoManager ReloadAssembly
Native extension for WindowsStandalone target not found
Refreshing native plugins compatible for Editor in 0.33 ms, found 2 plugins.
Preloading 0 native plugins for Editor in 0.00 ms.
Mono: successfully reloaded assembly
- Completed reload, in  1.015 seconds
Domain Reload Profiling:
	ReloadAssembly (1016ms)
		BeginReloadAssembly (159ms)
			ExecutionOrderSort (0ms)
			DisableScriptedObjects (5ms)
			BackupInstance (0ms)
			ReleaseScriptingObjects (0ms)
			CreateAndSetChildDomain (18ms)
		EndReloadAssembly (795ms)
			LoadAssemblies (98ms)
			RebuildTransferFunctionScriptingTraits (0ms)
			SetupTypeCache (256ms)
			ReleaseScriptCaches (0ms)
			RebuildScriptCaches (46ms)
			SetupLoadedEditorAssemblies (312ms)
				LogAssemblyErrors (0ms)
				InitializePlatformSupportModulesInManaged (6ms)
				SetLoadedEditorAssemblies (1ms)
				RefreshPlugins (0ms)
				BeforeProcessingInitializeOnLoad (85ms)
				ProcessInitializeOnLoadAttributes (197ms)
				ProcessInitializeOnLoadMethodAttributes (14ms)
				AfterProcessingInitializeOnLoad (9ms)
				EditorAssembliesLoaded (0ms)
			ExecutionOrderSort2 (0ms)
			AwakeInstancesAfterBackupRestoration (2ms)
Platform modules already initialized, skipping
========================================================================
Worker process is ready to serve import requests
Launched and connected shader compiler UnityShaderCompiler.exe after 0.05 seconds
Refreshing native plugins compatible for Editor in 0.28 ms, found 2 plugins.
Preloading 0 native plugins for Editor in 0.00 ms.
Unloading 1524 Unused Serialized files (Serialized files now loaded: 0)
System memory in use before: 69.1 MB.
System memory in use after: 69.2 MB.

Unloading 17 unused Assets to reduce memory usage. Loaded Objects now: 1960.
Total: 2.427200 ms (FindLiveObjects: 0.114200 ms CreateObjectMapping: 0.038200 ms MarkObjects: 2.210500 ms  DeleteObjects: 0.063800 ms)

AssetImportParameters requested are different than current active one (requested -> active):
  custom:framework-win-MediaFoundation: 216162199b28c13a410421893ffa2e32 -> 
  custom:video-decoder-ogg-theora: a1e56fd34408186e4bbccfd4996cb3dc -> 
  custom:container-muxer-webm: aa71ff27fc2769a1b78a27578f13a17b -> 
  custom:container-demuxer-webm: 4f35f7cbe854078d1ac9338744f61a02 -> 
  custom:container-demuxer-ogg: 62fdf1f143b41e24485cea50d1cbac27 -> 
  custom:video-encoder-webm-vp8: eb34c28f22e8b96e1ab97ce403110664 -> 
  custom:video-decoder-webm-vp8: 9c59270c3fd7afecdb556c50c9e8de78 -> 
  custom:audio-decoder-ogg-vorbis: bf7c407c2cedff20999df2af8eb42d56 -> 
  custom:audio-encoder-webm-vorbis: bf7c407c2cedff20999df2af8eb42d56 -> 
========================================================================
Received Import Request.
  path: Assets/SoundManager.cs
  artifactKey: Guid(24b1f028dc8c36d42b97c8004b484879) Importer(815301076,1909f56bfc062723c751e8b465ee728b)
Start importing Assets/SoundManager.cs using Guid(24b1f028dc8c36d42b97c8004b484879) Importer(815301076,1909f56bfc062723c751e8b465ee728b)  -> (artifact id: 'a1df21917c7c7041a7baec86dc4db90b') in 0.048474 seconds 
========================================================================
Received Import Request.
  Time since last request: 89.747743 seconds.
  path: Assets/SoundComponentSetting.cs
  artifactKey: Guid(cbc337b94b9046d4e840ec663c6c024a) Importer(815301076,1909f56bfc062723c751e8b465ee728b)
Start importing Assets/SoundComponentSetting.cs using Guid(cbc337b94b9046d4e840ec663c6c024a) Importer(815301076,1909f56bfc062723c751e8b465ee728b)  -> (artifact id: '274b2f4cf364b662db188b930e1d6169') in 0.008723 seconds 
========================================================================
Received Prepare
Registering precompiled user dll's ...
Registered in 0.004189 seconds.
Begin MonoManager ReloadAssembly
Native extension for WindowsStandalone target not found
Refreshing native plugins compatible for Editor in 0.35 ms, found 2 plugins.
Preloading 0 native plugins for Editor in 0.00 ms.
Mono: successfully reloaded assembly
- Completed reload, in  1.277 seconds
Domain Reload Profiling:
	ReloadAssembly (1277ms)
		BeginReloadAssembly (137ms)
			ExecutionOrderSort (0ms)
			DisableScriptedObjects (5ms)
			BackupInstance (0ms)
			ReleaseScriptingObjects (0ms)
			CreateAndSetChildDomain (31ms)
		EndReloadAssembly (1063ms)
			LoadAssemblies (123ms)
			RebuildTransferFunctionScriptingTraits (0ms)
			SetupTypeCache (286ms)
			ReleaseScriptCaches (1ms)
			RebuildScriptCaches (46ms)
			SetupLoadedEditorAssemblies (522ms)
				LogAssemblyErrors (0ms)
				InitializePlatformSupportModulesInManaged (8ms)
				SetLoadedEditorAssemblies (1ms)
				RefreshPlugins (0ms)
				BeforeProcessingInitializeOnLoad (267ms)
				ProcessInitializeOnLoadAttributes (217ms)
				ProcessInitializeOnLoadMethodAttributes (16ms)
				AfterProcessingInitializeOnLoad (12ms)
				EditorAssembliesLoaded (0ms)
			ExecutionOrderSort2 (0ms)
			AwakeInstancesAfterBackupRestoration (2ms)
Platform modules already initialized, skipping
Refreshing native plugins compatible for Editor in 0.30 ms, found 2 plugins.
Preloading 0 native plugins for Editor in 0.00 ms.
Unloading 1520 Unused Serialized files (Serialized files now loaded: 0)
System memory in use before: 69.1 MB.
System memory in use after: 69.2 MB.

Unloading 12 unused Assets to reduce memory usage. Loaded Objects now: 1964.
Total: 2.460600 ms (FindLiveObjects: 0.099600 ms CreateObjectMapping: 0.037800 ms MarkObjects: 2.266200 ms  DeleteObjects: 0.056400 ms)

AssetImportParameters requested are different than current active one (requested -> active):
  custom:framework-win-MediaFoundation: 216162199b28c13a410421893ffa2e32 -> 
  custom:video-decoder-ogg-theora: a1e56fd34408186e4bbccfd4996cb3dc -> 
  custom:container-muxer-webm: aa71ff27fc2769a1b78a27578f13a17b -> 
  custom:container-demuxer-webm: 4f35f7cbe854078d1ac9338744f61a02 -> 
  custom:container-demuxer-ogg: 62fdf1f143b41e24485cea50d1cbac27 -> 
  custom:video-encoder-webm-vp8: eb34c28f22e8b96e1ab97ce403110664 -> 
  custom:video-decoder-webm-vp8: 9c59270c3fd7afecdb556c50c9e8de78 -> 
  custom:audio-decoder-ogg-vorbis: bf7c407c2cedff20999df2af8eb42d56 -> 
  custom:audio-encoder-webm-vorbis: bf7c407c2cedff20999df2af8eb42d56 -> 
========================================================================
Received Import Request.
  Time since last request: 12.705021 seconds.
  path: Assets/SoundComponentSetting.cs
  artifactKey: Guid(cbc337b94b9046d4e840ec663c6c024a) Importer(815301076,1909f56bfc062723c751e8b465ee728b)
Start importing Assets/SoundComponentSetting.cs using Guid(cbc337b94b9046d4e840ec663c6c024a) Importer(815301076,1909f56bfc062723c751e8b465ee728b)  -> (artifact id: 'c8f76677dbd963342791dbbf5fa78888') in 0.010010 seconds 
========================================================================
Received Import Request.
  Time since last request: 17.575702 seconds.
  path: Assets/SoundComponentSetting.cs
  artifactKey: Guid(cbc337b94b9046d4e840ec663c6c024a) Importer(815301076,1909f56bfc062723c751e8b465ee728b)
Start importing Assets/SoundComponentSetting.cs using Guid(cbc337b94b9046d4e840ec663c6c024a) Importer(815301076,1909f56bfc062723c751e8b465ee728b)  -> (artifact id: 'bfdd8ac639f80d415e10b20cda7a4985') in 0.005295 seconds 
========================================================================
Received Import Request.
  Time since last request: 12.432234 seconds.
  path: Assets/SoundComponentSetting.cs
  artifactKey: Guid(cbc337b94b9046d4e840ec663c6c024a) Importer(815301076,1909f56bfc062723c751e8b465ee728b)
Start importing Assets/SoundComponentSetting.cs using Guid(cbc337b94b9046d4e840ec663c6c024a) Importer(815301076,1909f56bfc062723c751e8b465ee728b)  -> (artifact id: '55b2acc61c7cdb8c6fb8e709ffc07b8f') in 0.004320 seconds 
========================================================================
Received Prepare
Registering precompiled user dll's ...
Registered in 0.004240 seconds.
Begin MonoManager ReloadAssembly
Native extension for WindowsStandalone target not found
Refreshing native plugins compatible for Editor in 0.29 ms, found 2 plugins.
Preloading 0 native plugins for Editor in 0.00 ms.
Mono: successfully reloaded assembly
- Completed reload, in  1.091 seconds
Domain Reload Profiling:
	ReloadAssembly (1091ms)
		BeginReloadAssembly (147ms)
			ExecutionOrderSort (0ms)
			DisableScriptedObjects (5ms)
			BackupInstance (0ms)
			ReleaseScriptingObjects (0ms)
			CreateAndSetChildDomain (33ms)
		EndReloadAssembly (863ms)
			LoadAssemblies (133ms)
			RebuildTransferFunctionScriptingTraits (0ms)
			SetupTypeCache (284ms)
			ReleaseScriptCaches (1ms)
			RebuildScriptCaches (43ms)
			SetupLoadedEditorAssemblies (337ms)
				LogAssemblyErrors (0ms)
				InitializePlatformSupportModulesInManaged (6ms)
				SetLoadedEditorAssemblies (0ms)
				RefreshPlugins (0ms)
				BeforeProcessingInitializeOnLoad (94ms)
				ProcessInitializeOnLoadAttributes (212ms)
				ProcessInitializeOnLoadMethodAttributes (13ms)
				AfterProcessingInitializeOnLoad (10ms)
				EditorAssembliesLoaded (0ms)
			ExecutionOrderSort2 (0ms)
			AwakeInstancesAfterBackupRestoration (2ms)
Platform modules already initialized, skipping
Refreshing native plugins compatible for Editor in 0.28 ms, found 2 plugins.
Preloading 0 native plugins for Editor in 0.00 ms.
Unloading 1520 Unused Serialized files (Serialized files now loaded: 0)
System memory in use before: 69.1 MB.
System memory in use after: 69.2 MB.

Unloading 12 unused Assets to reduce memory usage. Loaded Objects now: 1967.
Total: 2.512400 ms (FindLiveObjects: 0.114600 ms CreateObjectMapping: 0.038900 ms MarkObjects: 2.319900 ms  DeleteObjects: 0.038300 ms)

AssetImportParameters requested are different than current active one (requested -> active):
  custom:framework-win-MediaFoundation: 216162199b28c13a410421893ffa2e32 -> 
  custom:video-decoder-ogg-theora: a1e56fd34408186e4bbccfd4996cb3dc -> 
  custom:container-muxer-webm: aa71ff27fc2769a1b78a27578f13a17b -> 
  custom:container-demuxer-webm: 4f35f7cbe854078d1ac9338744f61a02 -> 
  custom:container-demuxer-ogg: 62fdf1f143b41e24485cea50d1cbac27 -> 
  custom:video-encoder-webm-vp8: eb34c28f22e8b96e1ab97ce403110664 -> 
  custom:video-decoder-webm-vp8: 9c59270c3fd7afecdb556c50c9e8de78 -> 
  custom:audio-decoder-ogg-vorbis: bf7c407c2cedff20999df2af8eb42d56 -> 
  custom:audio-encoder-webm-vorbis: bf7c407c2cedff20999df2af8eb42d56 -> 
========================================================================
Received Prepare
Registering precompiled user dll's ...
Registered in 0.005081 seconds.
Begin MonoManager ReloadAssembly
Native extension for WindowsStandalone target not found
Refreshing native plugins compatible for Editor in 0.30 ms, found 2 plugins.
Preloading 0 native plugins for Editor in 0.00 ms.
Mono: successfully reloaded assembly
- Completed reload, in  1.109 seconds
Domain Reload Profiling:
	ReloadAssembly (1110ms)
		BeginReloadAssembly (173ms)
			ExecutionOrderSort (0ms)
			DisableScriptedObjects (6ms)
			BackupInstance (0ms)
			ReleaseScriptingObjects (0ms)
			CreateAndSetChildDomain (40ms)
		EndReloadAssembly (863ms)
			LoadAssemblies (143ms)
			RebuildTransferFunctionScriptingTraits (0ms)
			SetupTypeCache (274ms)
			ReleaseScriptCaches (1ms)
			RebuildScriptCaches (45ms)
			SetupLoadedEditorAssemblies (347ms)
				LogAssemblyErrors (0ms)
				InitializePlatformSupportModulesInManaged (5ms)
				SetLoadedEditorAssemblies (0ms)
				RefreshPlugins (0ms)
				BeforeProcessingInitializeOnLoad (96ms)
				ProcessInitializeOnLoadAttributes (216ms)
				ProcessInitializeOnLoadMethodAttributes (15ms)
				AfterProcessingInitializeOnLoad (12ms)
				EditorAssembliesLoaded (0ms)
			ExecutionOrderSort2 (0ms)
			AwakeInstancesAfterBackupRestoration (2ms)
Platform modules already initialized, skipping
Refreshing native plugins compatible for Editor in 0.29 ms, found 2 plugins.
Preloading 0 native plugins for Editor in 0.00 ms.
Unloading 1520 Unused Serialized files (Serialized files now loaded: 0)
System memory in use before: 69.1 MB.
System memory in use after: 69.2 MB.

Unloading 12 unused Assets to reduce memory usage. Loaded Objects now: 1970.
Total: 2.545500 ms (FindLiveObjects: 0.094400 ms CreateObjectMapping: 0.041300 ms MarkObjects: 2.318100 ms  DeleteObjects: 0.091100 ms)

AssetImportParameters requested are different than current active one (requested -> active):
  custom:framework-win-MediaFoundation: 216162199b28c13a410421893ffa2e32 -> 
  custom:video-decoder-ogg-theora: a1e56fd34408186e4bbccfd4996cb3dc -> 
  custom:container-muxer-webm: aa71ff27fc2769a1b78a27578f13a17b -> 
  custom:container-demuxer-webm: 4f35f7cbe854078d1ac9338744f61a02 -> 
  custom:container-demuxer-ogg: 62fdf1f143b41e24485cea50d1cbac27 -> 
  custom:video-encoder-webm-vp8: eb34c28f22e8b96e1ab97ce403110664 -> 
  custom:video-decoder-webm-vp8: 9c59270c3fd7afecdb556c50c9e8de78 -> 
  custom:audio-decoder-ogg-vorbis: bf7c407c2cedff20999df2af8eb42d56 -> 
  custom:audio-encoder-webm-vorbis: bf7c407c2cedff20999df2af8eb42d56 -> 
========================================================================
Received Import Request.
  Time since last request: 154.353100 seconds.
  path: Assets/SoundPacketObject.cs
  artifactKey: Guid(f554d4e1cb137b04a9726ba7142696b9) Importer(815301076,1909f56bfc062723c751e8b465ee728b)
Start importing Assets/SoundPacketObject.cs using Guid(f554d4e1cb137b04a9726ba7142696b9) Importer(815301076,1909f56bfc062723c751e8b465ee728b)  -> (artifact id: '7fcad32c7eeb4e5aad3c2826ba88b076') in 0.009074 seconds 
========================================================================
Received Import Request.
  Time since last request: 1.625721 seconds.
  path: Assets/SoundData/SoundObject.asset
  artifactKey: Guid(7197d9ae91e49a143b6521115e2953df) Importer(815301076,1909f56bfc062723c751e8b465ee728b)
Start importing Assets/SoundData/SoundObject.asset using Guid(7197d9ae91e49a143b6521115e2953df) Importer(815301076,1909f56bfc062723c751e8b465ee728b)  -> (artifact id: '29fc806e55208656133de59127d68e72') in 0.029461 seconds 
========================================================================
Received Prepare
Registering precompiled user dll's ...
Registered in 0.004299 seconds.
Begin MonoManager ReloadAssembly
Native extension for WindowsStandalone target not found
Refreshing native plugins compatible for Editor in 0.31 ms, found 2 plugins.
Preloading 0 native plugins for Editor in 0.00 ms.
Mono: successfully reloaded assembly
- Completed reload, in  1.062 seconds
Domain Reload Profiling:
	ReloadAssembly (1062ms)
		BeginReloadAssembly (150ms)
			ExecutionOrderSort (0ms)
			DisableScriptedObjects (5ms)
			BackupInstance (0ms)
			ReleaseScriptingObjects (0ms)
			CreateAndSetChildDomain (35ms)
		EndReloadAssembly (836ms)
			LoadAssemblies (135ms)
			RebuildTransferFunctionScriptingTraits (0ms)
			SetupTypeCache (272ms)
			ReleaseScriptCaches (1ms)
			RebuildScriptCaches (49ms)
			SetupLoadedEditorAssemblies (317ms)
				LogAssemblyErrors (0ms)
				InitializePlatformSupportModulesInManaged (5ms)
				SetLoadedEditorAssemblies (1ms)
				RefreshPlugins (0ms)
				BeforeProcessingInitializeOnLoad (80ms)
				ProcessInitializeOnLoadAttributes (202ms)
				ProcessInitializeOnLoadMethodAttributes (17ms)
				AfterProcessingInitializeOnLoad (12ms)
				EditorAssembliesLoaded (1ms)
			ExecutionOrderSort2 (0ms)
			AwakeInstancesAfterBackupRestoration (2ms)
Platform modules already initialized, skipping
Refreshing native plugins compatible for Editor in 0.35 ms, found 2 plugins.
Preloading 0 native plugins for Editor in 0.00 ms.
Unloading 1520 Unused Serialized files (Serialized files now loaded: 0)
System memory in use before: 69.2 MB.
System memory in use after: 69.2 MB.

Unloading 12 unused Assets to reduce memory usage. Loaded Objects now: 1974.
Total: 3.053200 ms (FindLiveObjects: 0.109500 ms CreateObjectMapping: 0.048100 ms MarkObjects: 2.817900 ms  DeleteObjects: 0.077100 ms)

AssetImportParameters requested are different than current active one (requested -> active):
  custom:framework-win-MediaFoundation: 216162199b28c13a410421893ffa2e32 -> 
  custom:video-decoder-ogg-theora: a1e56fd34408186e4bbccfd4996cb3dc -> 
  custom:container-muxer-webm: aa71ff27fc2769a1b78a27578f13a17b -> 
  custom:container-demuxer-webm: 4f35f7cbe854078d1ac9338744f61a02 -> 
  custom:container-demuxer-ogg: 62fdf1f143b41e24485cea50d1cbac27 -> 
  custom:video-encoder-webm-vp8: eb34c28f22e8b96e1ab97ce403110664 -> 
  custom:video-decoder-webm-vp8: 9c59270c3fd7afecdb556c50c9e8de78 -> 
  custom:audio-decoder-ogg-vorbis: bf7c407c2cedff20999df2af8eb42d56 -> 
  custom:audio-encoder-webm-vorbis: bf7c407c2cedff20999df2af8eb42d56 -> 
========================================================================
Received Import Request.
  Time since last request: 33.049256 seconds.
  path: Assets/SoundData/SoundObject.asset
  artifactKey: Guid(7197d9ae91e49a143b6521115e2953df) Importer(815301076,1909f56bfc062723c751e8b465ee728b)
Start importing Assets/SoundData/SoundObject.asset using Guid(7197d9ae91e49a143b6521115e2953df) Importer(815301076,1909f56bfc062723c751e8b465ee728b)  -> (artifact id: 'bd035b28b0d4fcb3c3937c00ea6700f1') in 0.014240 seconds 
========================================================================
Received Import Request.
  Time since last request: 35.981706 seconds.
  path: Assets/SoundComponentSetting.cs
  artifactKey: Guid(cbc337b94b9046d4e840ec663c6c024a) Importer(815301076,1909f56bfc062723c751e8b465ee728b)
Start importing Assets/SoundComponentSetting.cs using Guid(cbc337b94b9046d4e840ec663c6c024a) Importer(815301076,1909f56bfc062723c751e8b465ee728b)  -> (artifact id: '1797b678c75151a5c406120bd0de0a61') in 0.004108 seconds 
========================================================================
Received Import Request.
  Time since last request: 14.310729 seconds.
  path: Assets/SoundComponentSetting.cs
  artifactKey: Guid(cbc337b94b9046d4e840ec663c6c024a) Importer(815301076,1909f56bfc062723c751e8b465ee728b)
Start importing Assets/SoundComponentSetting.cs using Guid(cbc337b94b9046d4e840ec663c6c024a) Importer(815301076,1909f56bfc062723c751e8b465ee728b)  -> (artifact id: '9e16733542fe23f72655cea5059c882b') in 0.003482 seconds 
========================================================================
Received Import Request.
  Time since last request: 10.962057 seconds.
  path: Assets/SoundComponentSetting.cs
  artifactKey: Guid(cbc337b94b9046d4e840ec663c6c024a) Importer(815301076,1909f56bfc062723c751e8b465ee728b)
Start importing Assets/SoundComponentSetting.cs using Guid(cbc337b94b9046d4e840ec663c6c024a) Importer(815301076,1909f56bfc062723c751e8b465ee728b)  -> (artifact id: 'b23a3203783918c0307d642bf7be6250') in 0.012175 seconds 
========================================================================
Received Import Request.
  Time since last request: 48.317682 seconds.
  path: Assets/SoundComponentSetting.cs
  artifactKey: Guid(cbc337b94b9046d4e840ec663c6c024a) Importer(815301076,1909f56bfc062723c751e8b465ee728b)
Start importing Assets/SoundComponentSetting.cs using Guid(cbc337b94b9046d4e840ec663c6c024a) Importer(815301076,1909f56bfc062723c751e8b465ee728b)  -> (artifact id: 'bdce46a90a5efb16f64e50f54f0cd241') in 0.010790 seconds 
========================================================================
Received Import Request.
  Time since last request: 25.697909 seconds.
  path: Assets/SoundComponentSetting.cs
  artifactKey: Guid(cbc337b94b9046d4e840ec663c6c024a) Importer(815301076,1909f56bfc062723c751e8b465ee728b)
Start importing Assets/SoundComponentSetting.cs using Guid(cbc337b94b9046d4e840ec663c6c024a) Importer(815301076,1909f56bfc062723c751e8b465ee728b)  -> (artifact id: '5f75f9da70703c1294ba1e84f9b6a1f9') in 0.005814 seconds 
========================================================================
Received Import Request.
  Time since last request: 21.697221 seconds.
  path: Assets/SoundComponentSetting.cs
  artifactKey: Guid(cbc337b94b9046d4e840ec663c6c024a) Importer(815301076,1909f56bfc062723c751e8b465ee728b)
Start importing Assets/SoundComponentSetting.cs using Guid(cbc337b94b9046d4e840ec663c6c024a) Importer(815301076,1909f56bfc062723c751e8b465ee728b)  -> (artifact id: '95a48b72d06e50d66b49e6648e6ee329') in 0.005313 seconds 
========================================================================
Received Import Request.
  Time since last request: 8.645256 seconds.
  path: Assets/SoundComponentSetting.cs
  artifactKey: Guid(cbc337b94b9046d4e840ec663c6c024a) Importer(815301076,1909f56bfc062723c751e8b465ee728b)
Start importing Assets/SoundComponentSetting.cs using Guid(cbc337b94b9046d4e840ec663c6c024a) Importer(815301076,1909f56bfc062723c751e8b465ee728b)  -> (artifact id: 'd545c4ea5ce716fa59d360927f1feab8') in 0.011870 seconds 
========================================================================
Received Import Request.
  Time since last request: 17.398443 seconds.
  path: Assets/SoundComponentSetting.cs
  artifactKey: Guid(cbc337b94b9046d4e840ec663c6c024a) Importer(815301076,1909f56bfc062723c751e8b465ee728b)
Start importing Assets/SoundComponentSetting.cs using Guid(cbc337b94b9046d4e840ec663c6c024a) Importer(815301076,1909f56bfc062723c751e8b465ee728b)  -> (artifact id: 'ffb6d121e5c759f2f7be61f08cf83d67') in 0.004121 seconds 
========================================================================
Received Import Request.
  Time since last request: 12.008848 seconds.
  path: Assets/SoundComponentSetting.cs
  artifactKey: Guid(cbc337b94b9046d4e840ec663c6c024a) Importer(815301076,1909f56bfc062723c751e8b465ee728b)
Start importing Assets/SoundComponentSetting.cs using Guid(cbc337b94b9046d4e840ec663c6c024a) Importer(815301076,1909f56bfc062723c751e8b465ee728b)  -> (artifact id: 'b1ed672dbcdd814a91b278a8fa5bac4b') in 0.009907 seconds 
========================================================================
Received Import Request.
  Time since last request: 2.235315 seconds.
  path: Assets/SoundComponentSetting.cs
  artifactKey: Guid(cbc337b94b9046d4e840ec663c6c024a) Importer(815301076,1909f56bfc062723c751e8b465ee728b)
Start importing Assets/SoundComponentSetting.cs using Guid(cbc337b94b9046d4e840ec663c6c024a) Importer(815301076,1909f56bfc062723c751e8b465ee728b)  -> (artifact id: '5dfa152d4dbe7d54dd8d75bb30b2135c') in 0.004349 seconds 
========================================================================
Received Import Request.
  Time since last request: 13.639143 seconds.
  path: Assets/SoundComponentSetting.cs
  artifactKey: Guid(cbc337b94b9046d4e840ec663c6c024a) Importer(815301076,1909f56bfc062723c751e8b465ee728b)
Start importing Assets/SoundComponentSetting.cs using Guid(cbc337b94b9046d4e840ec663c6c024a) Importer(815301076,1909f56bfc062723c751e8b465ee728b)  -> (artifact id: 'c2b264fe22d1551a616fd125de4f3a0f') in 0.007270 seconds 
========================================================================
Received Import Request.
  Time since last request: 0.868590 seconds.
  path: Assets/SoundComponentSetting.cs
  artifactKey: Guid(cbc337b94b9046d4e840ec663c6c024a) Importer(815301076,1909f56bfc062723c751e8b465ee728b)
Start importing Assets/SoundComponentSetting.cs using Guid(cbc337b94b9046d4e840ec663c6c024a) Importer(815301076,1909f56bfc062723c751e8b465ee728b)  -> (artifact id: '9aeb0c8bc8d0533d4341a6c104c93202') in 0.004424 seconds 
========================================================================
Received Import Request.
  Time since last request: 26.176827 seconds.
  path: Assets/SoundComponentSetting.cs
  artifactKey: Guid(cbc337b94b9046d4e840ec663c6c024a) Importer(815301076,1909f56bfc062723c751e8b465ee728b)
Start importing Assets/SoundComponentSetting.cs using Guid(cbc337b94b9046d4e840ec663c6c024a) Importer(815301076,1909f56bfc062723c751e8b465ee728b)  -> (artifact id: '4a0a2479d72367e8062cc7f0a4f10864') in 0.003394 seconds 
========================================================================
Received Import Request.
  Time since last request: 103.114204 seconds.
  path: Assets/SoundComponentSetting.cs
  artifactKey: Guid(cbc337b94b9046d4e840ec663c6c024a) Importer(815301076,1909f56bfc062723c751e8b465ee728b)
Start importing Assets/SoundComponentSetting.cs using Guid(cbc337b94b9046d4e840ec663c6c024a) Importer(815301076,1909f56bfc062723c751e8b465ee728b)  -> (artifact id: '78eb08b7b01cd4c0f80b2652bc64d41e') in 0.004090 seconds 
========================================================================
Received Import Request.
  Time since last request: 16.807096 seconds.
  path: Assets/SoundComponentSetting.cs
  artifactKey: Guid(cbc337b94b9046d4e840ec663c6c024a) Importer(815301076,1909f56bfc062723c751e8b465ee728b)
Start importing Assets/SoundComponentSetting.cs using Guid(cbc337b94b9046d4e840ec663c6c024a) Importer(815301076,1909f56bfc062723c751e8b465ee728b)  -> (artifact id: 'd3176aaaf34bd9066aad96bdeeed251b') in 0.010251 seconds 
========================================================================
Received Import Request.
  Time since last request: 0.941941 seconds.
  path: Assets/SoundComponentSetting.cs
  artifactKey: Guid(cbc337b94b9046d4e840ec663c6c024a) Importer(815301076,1909f56bfc062723c751e8b465ee728b)
Start importing Assets/SoundComponentSetting.cs using Guid(cbc337b94b9046d4e840ec663c6c024a) Importer(815301076,1909f56bfc062723c751e8b465ee728b)  -> (artifact id: '95384ffcdc99b27f8c871aa868993b8d') in 0.005531 seconds 
========================================================================
Received Prepare
Registering precompiled user dll's ...
Registered in 0.004254 seconds.
Begin MonoManager ReloadAssembly
Native extension for WindowsStandalone target not found
Refreshing native plugins compatible for Editor in 0.47 ms, found 2 plugins.
Preloading 0 native plugins for Editor in 0.00 ms.
Mono: successfully reloaded assembly
- Completed reload, in  1.083 seconds
Domain Reload Profiling:
	ReloadAssembly (1084ms)
		BeginReloadAssembly (132ms)
			ExecutionOrderSort (0ms)
			DisableScriptedObjects (5ms)
			BackupInstance (0ms)
			ReleaseScriptingObjects (0ms)
			CreateAndSetChildDomain (31ms)
		EndReloadAssembly (873ms)
			LoadAssemblies (115ms)
			RebuildTransferFunctionScriptingTraits (0ms)
			SetupTypeCache (305ms)
			ReleaseScriptCaches (1ms)
			RebuildScriptCaches (46ms)
			SetupLoadedEditorAssemblies (325ms)
				LogAssemblyErrors (0ms)
				InitializePlatformSupportModulesInManaged (5ms)
				SetLoadedEditorAssemblies (1ms)
				RefreshPlugins (1ms)
				BeforeProcessingInitializeOnLoad (86ms)
				ProcessInitializeOnLoadAttributes (204ms)
				ProcessInitializeOnLoadMethodAttributes (16ms)
				AfterProcessingInitializeOnLoad (12ms)
				EditorAssembliesLoaded (0ms)
			ExecutionOrderSort2 (0ms)
			AwakeInstancesAfterBackupRestoration (2ms)
Platform modules already initialized, skipping
Refreshing native plugins compatible for Editor in 0.33 ms, found 2 plugins.
Preloading 0 native plugins for Editor in 0.00 ms.
Unloading 1520 Unused Serialized files (Serialized files now loaded: 0)
System memory in use before: 69.2 MB.
System memory in use after: 69.3 MB.

Unloading 12 unused Assets to reduce memory usage. Loaded Objects now: 1977.
Total: 2.625600 ms (FindLiveObjects: 0.127500 ms CreateObjectMapping: 0.040500 ms MarkObjects: 2.369300 ms  DeleteObjects: 0.087700 ms)

AssetImportParameters requested are different than current active one (requested -> active):
  custom:framework-win-MediaFoundation: 216162199b28c13a410421893ffa2e32 -> 
  custom:video-decoder-ogg-theora: a1e56fd34408186e4bbccfd4996cb3dc -> 
  custom:container-muxer-webm: aa71ff27fc2769a1b78a27578f13a17b -> 
  custom:container-demuxer-webm: 4f35f7cbe854078d1ac9338744f61a02 -> 
  custom:container-demuxer-ogg: 62fdf1f143b41e24485cea50d1cbac27 -> 
  custom:video-encoder-webm-vp8: eb34c28f22e8b96e1ab97ce403110664 -> 
  custom:video-decoder-webm-vp8: 9c59270c3fd7afecdb556c50c9e8de78 -> 
  custom:audio-decoder-ogg-vorbis: bf7c407c2cedff20999df2af8eb42d56 -> 
  custom:audio-encoder-webm-vorbis: bf7c407c2cedff20999df2af8eb42d56 -> 
========================================================================
Received Import Request.
  Time since last request: 37.626482 seconds.
  path: Assets/AudioContainerUtil.cs
  artifactKey: Guid(6f6d468113b5c204da0a6cfff565803c) Importer(815301076,1909f56bfc062723c751e8b465ee728b)
Start importing Assets/AudioContainerUtil.cs using Guid(6f6d468113b5c204da0a6cfff565803c) Importer(815301076,1909f56bfc062723c751e8b465ee728b)  -> (artifact id: '612a5e1d072db248b3cade4b788f840e') in 0.011938 seconds 
========================================================================
Received Prepare
Registering precompiled user dll's ...
Registered in 0.006240 seconds.
Begin MonoManager ReloadAssembly
Native extension for WindowsStandalone target not found
Refreshing native plugins compatible for Editor in 0.31 ms, found 2 plugins.
Preloading 0 native plugins for Editor in 0.00 ms.
Mono: successfully reloaded assembly
- Completed reload, in  1.362 seconds
Domain Reload Profiling:
	ReloadAssembly (1362ms)
		BeginReloadAssembly (207ms)
			ExecutionOrderSort (0ms)
			DisableScriptedObjects (9ms)
			BackupInstance (0ms)
			ReleaseScriptingObjects (0ms)
			CreateAndSetChildDomain (48ms)
		EndReloadAssembly (1064ms)
			LoadAssemblies (172ms)
			RebuildTransferFunctionScriptingTraits (0ms)
			SetupTypeCache (320ms)
			ReleaseScriptCaches (1ms)
			RebuildScriptCaches (48ms)
			SetupLoadedEditorAssemblies (476ms)
				LogAssemblyErrors (0ms)
				InitializePlatformSupportModulesInManaged (5ms)
				SetLoadedEditorAssemblies (0ms)
				RefreshPlugins (0ms)
				BeforeProcessingInitializeOnLoad (86ms)
				ProcessInitializeOnLoadAttributes (266ms)
				ProcessInitializeOnLoadMethodAttributes (31ms)
				AfterProcessingInitializeOnLoad (86ms)
				EditorAssembliesLoaded (1ms)
			ExecutionOrderSort2 (0ms)
			AwakeInstancesAfterBackupRestoration (5ms)
Platform modules already initialized, skipping
Refreshing native plugins compatible for Editor in 0.30 ms, found 2 plugins.
Preloading 0 native plugins for Editor in 0.00 ms.
Unloading 1521 Unused Serialized files (Serialized files now loaded: 0)
System memory in use before: 69.2 MB.
System memory in use after: 69.3 MB.

Unloading 12 unused Assets to reduce memory usage. Loaded Objects now: 1981.
Total: 2.688500 ms (FindLiveObjects: 0.238700 ms CreateObjectMapping: 0.056100 ms MarkObjects: 2.308900 ms  DeleteObjects: 0.083900 ms)

AssetImportParameters requested are different than current active one (requested -> active):
  custom:framework-win-MediaFoundation: 216162199b28c13a410421893ffa2e32 -> 
  custom:video-decoder-ogg-theora: a1e56fd34408186e4bbccfd4996cb3dc -> 
  custom:container-muxer-webm: aa71ff27fc2769a1b78a27578f13a17b -> 
  custom:container-demuxer-webm: 4f35f7cbe854078d1ac9338744f61a02 -> 
  custom:container-demuxer-ogg: 62fdf1f143b41e24485cea50d1cbac27 -> 
  custom:video-encoder-webm-vp8: eb34c28f22e8b96e1ab97ce403110664 -> 
  custom:video-decoder-webm-vp8: 9c59270c3fd7afecdb556c50c9e8de78 -> 
  custom:audio-decoder-ogg-vorbis: bf7c407c2cedff20999df2af8eb42d56 -> 
  custom:audio-encoder-webm-vorbis: bf7c407c2cedff20999df2af8eb42d56 -> 
========================================================================
Received Prepare
Registering precompiled user dll's ...
Registered in 0.004120 seconds.
Begin MonoManager ReloadAssembly
Native extension for WindowsStandalone target not found
Refreshing native plugins compatible for Editor in 0.29 ms, found 2 plugins.
Preloading 0 native plugins for Editor in 0.00 ms.
Mono: successfully reloaded assembly
- Completed reload, in  1.154 seconds
Domain Reload Profiling:
	ReloadAssembly (1155ms)
		BeginReloadAssembly (137ms)
			ExecutionOrderSort (0ms)
			DisableScriptedObjects (5ms)
			BackupInstance (0ms)
			ReleaseScriptingObjects (0ms)
			CreateAndSetChildDomain (27ms)
		EndReloadAssembly (823ms)
			LoadAssemblies (138ms)
			RebuildTransferFunctionScriptingTraits (0ms)
			SetupTypeCache (274ms)
			ReleaseScriptCaches (1ms)
			RebuildScriptCaches (44ms)
			SetupLoadedEditorAssemblies (307ms)
				LogAssemblyErrors (0ms)
				InitializePlatformSupportModulesInManaged (5ms)
				SetLoadedEditorAssemblies (0ms)
				RefreshPlugins (0ms)
				BeforeProcessingInitializeOnLoad (82ms)
				ProcessInitializeOnLoadAttributes (194ms)
				ProcessInitializeOnLoadMethodAttributes (14ms)
				AfterProcessingInitializeOnLoad (10ms)
				EditorAssembliesLoaded (0ms)
			ExecutionOrderSort2 (0ms)
			AwakeInstancesAfterBackupRestoration (2ms)
Platform modules already initialized, skipping
Refreshing native plugins compatible for Editor in 0.40 ms, found 2 plugins.
Preloading 0 native plugins for Editor in 0.00 ms.
Unloading 1521 Unused Serialized files (Serialized files now loaded: 0)
System memory in use before: 69.2 MB.
System memory in use after: 69.3 MB.

Unloading 12 unused Assets to reduce memory usage. Loaded Objects now: 1984.
Total: 2.698100 ms (FindLiveObjects: 0.124300 ms CreateObjectMapping: 0.046200 ms MarkObjects: 2.436900 ms  DeleteObjects: 0.090000 ms)

AssetImportParameters requested are different than current active one (requested -> active):
  custom:framework-win-MediaFoundation: 216162199b28c13a410421893ffa2e32 -> 
  custom:video-decoder-ogg-theora: a1e56fd34408186e4bbccfd4996cb3dc -> 
  custom:container-muxer-webm: aa71ff27fc2769a1b78a27578f13a17b -> 
  custom:container-demuxer-webm: 4f35f7cbe854078d1ac9338744f61a02 -> 
  custom:container-demuxer-ogg: 62fdf1f143b41e24485cea50d1cbac27 -> 
  custom:video-encoder-webm-vp8: eb34c28f22e8b96e1ab97ce403110664 -> 
  custom:video-decoder-webm-vp8: 9c59270c3fd7afecdb556c50c9e8de78 -> 
  custom:audio-decoder-ogg-vorbis: bf7c407c2cedff20999df2af8eb42d56 -> 
  custom:audio-encoder-webm-vorbis: bf7c407c2cedff20999df2af8eb42d56 -> 
========================================================================
Received Import Request.
  Time since last request: 93.944237 seconds.
  path: Assets/AudioContainer.cs
  artifactKey: Guid(051fcdf034dde9548b226e7f2e84fe2f) Importer(815301076,1909f56bfc062723c751e8b465ee728b)
Start importing Assets/AudioContainer.cs using Guid(051fcdf034dde9548b226e7f2e84fe2f) Importer(815301076,1909f56bfc062723c751e8b465ee728b)  -> (artifact id: '69de443604bd81158372cd4db747d828') in 0.012154 seconds 
========================================================================
Received Prepare
Registering precompiled user dll's ...
Registered in 0.005227 seconds.
Begin MonoManager ReloadAssembly
Native extension for WindowsStandalone target not found
Refreshing native plugins compatible for Editor in 0.29 ms, found 2 plugins.
Preloading 0 native plugins for Editor in 0.00 ms.
Mono: successfully reloaded assembly
- Completed reload, in  1.043 seconds
Domain Reload Profiling:
	ReloadAssembly (1043ms)
		BeginReloadAssembly (126ms)
			ExecutionOrderSort (0ms)
			DisableScriptedObjects (5ms)
			BackupInstance (0ms)
			ReleaseScriptingObjects (0ms)
			CreateAndSetChildDomain (28ms)
		EndReloadAssembly (851ms)
			LoadAssemblies (113ms)
			RebuildTransferFunctionScriptingTraits (0ms)
			SetupTypeCache (249ms)
			ReleaseScriptCaches (1ms)
			RebuildScriptCaches (42ms)
			SetupLoadedEditorAssemblies (376ms)
				LogAssemblyErrors (0ms)
				InitializePlatformSupportModulesInManaged (5ms)
				SetLoadedEditorAssemblies (0ms)
				RefreshPlugins (0ms)
				BeforeProcessingInitializeOnLoad (87ms)
				ProcessInitializeOnLoadAttributes (201ms)
				ProcessInitializeOnLoadMethodAttributes (28ms)
				AfterProcessingInitializeOnLoad (54ms)
				EditorAssembliesLoaded (0ms)
			ExecutionOrderSort2 (0ms)
			AwakeInstancesAfterBackupRestoration (2ms)
Platform modules already initialized, skipping
Refreshing native plugins compatible for Editor in 0.33 ms, found 2 plugins.
Preloading 0 native plugins for Editor in 0.00 ms.
Unloading 1521 Unused Serialized files (Serialized files now loaded: 0)
System memory in use before: 69.2 MB.
System memory in use after: 69.3 MB.

Unloading 13 unused Assets to reduce memory usage. Loaded Objects now: 1987.
Total: 2.730200 ms (FindLiveObjects: 0.113900 ms CreateObjectMapping: 0.042200 ms MarkObjects: 2.523200 ms  DeleteObjects: 0.050300 ms)

AssetImportParameters requested are different than current active one (requested -> active):
  custom:framework-win-MediaFoundation: 216162199b28c13a410421893ffa2e32 -> 
  custom:video-decoder-ogg-theora: a1e56fd34408186e4bbccfd4996cb3dc -> 
  custom:container-muxer-webm: aa71ff27fc2769a1b78a27578f13a17b -> 
  custom:container-demuxer-webm: 4f35f7cbe854078d1ac9338744f61a02 -> 
  custom:container-demuxer-ogg: 62fdf1f143b41e24485cea50d1cbac27 -> 
  custom:video-encoder-webm-vp8: eb34c28f22e8b96e1ab97ce403110664 -> 
  custom:video-decoder-webm-vp8: 9c59270c3fd7afecdb556c50c9e8de78 -> 
  custom:audio-decoder-ogg-vorbis: bf7c407c2cedff20999df2af8eb42d56 -> 
  custom:audio-encoder-webm-vorbis: bf7c407c2cedff20999df2af8eb42d56 -> 
AssetImportWorkerClient::OnTransportError - code=2 error=End of file
